<?xml version="1.0" encoding="UTF-8"?>
<!-- Generated by org.testng.reporters.JUnitXMLReporter -->
<testsuite ignored="1" hostname="Kashish" failures="0" tests="1" name="edgeTest" time="5.751" errors="0" timestamp="2025-10-31T00:21:56 IST">
  <testcase classname="testCases.LoginTestCase" name="LoginTest" time="1.683"/>
  <testcase classname="testCases.TC_001AccountRegistrationTest" name="TestRegistrationTest" time="0.0">
    <ignored/>
  </testcase> <!-- TestRegistrationTest -->
</testsuite> <!-- edgeTest -->
