<?xml version="1.0" encoding="UTF-8"?>
<!-- Generated by org.testng.reporters.JUnitXMLReporter -->
<testsuite ignored="0" hostname="Kashish" failures="0" tests="4" name="Test" time="19.476" errors="0" timestamp="2025-10-31T00:43:11 IST">
  <testcase classname="testCases.LoginDataDriven" name="LoginTest" time="1.755"/>
  <testcase classname="testCases.LoginDataDriven" name="LoginTest" time="6.045"/>
  <testcase classname="testCases.LoginDataDriven" name="LoginTest" time="5.522"/>
  <testcase classname="testCases.LoginDataDriven" name="LoginTest" time="1.678"/>
</testsuite> <!-- Test -->
