<?xml version="1.0" encoding="UTF-8"?>
<!-- Generated by org.testng.reporters.JUnitXMLReporter -->
<testsuite ignored="0" hostname="Kashish" failures="0" tests="4" name="Test" time="20.909" errors="0" timestamp="2025-10-31T05:13:42 IST">
  <testcase classname="testCases.LoginDataDriven" name="LoginTest" time="1.766"/>
  <testcase classname="testCases.LoginDataDriven" name="LoginTest" time="6.039"/>
  <testcase classname="testCases.LoginDataDriven" name="LoginTest" time="6.683"/>
  <testcase classname="testCases.LoginDataDriven" name="LoginTest" time="1.749"/>
</testsuite> <!-- Test -->
