<?xml version="1.0" encoding="UTF-8"?>
<!-- Generated by org.testng.reporters.JUnitXMLReporter -->
<testsuite ignored="0" hostname="Kashish" failures="0" tests="3" name="Test(failed)" time="18.748" errors="0" timestamp="2025-10-31T00:44:52 IST">
  <testcase classname="testCases.LoginDataDriven" name="LoginTest" time="6.297"/>
  <testcase classname="testCases.LoginDataDriven" name="LoginTest" time="6.233"/>
  <testcase classname="testCases.LoginDataDriven" name="LoginTest" time="1.701"/>
</testsuite> <!-- Test(failed) -->
