<?xml version="1.0" encoding="UTF-8"?>
<testng-results ignored="0" total="4" passed="4" failed="0" skipped="0">
  <reporter-output>
  </reporter-output>
  <suite started-at="2025-10-31T05:13:21 IST" name="Suite" finished-at="2025-10-31T05:13:42 IST" duration-ms="20909">
    <groups>
      <group name="Sanity">
        <method signature="LoginDataDriven.LoginTest(java.lang.String,java.lang.String,java.lang.String)[pri:0, instance:testCases.LoginDataDriven@5bd03f44]" name="LoginTest" class="testCases.LoginDataDriven"/>
      </group> <!-- Sanity -->
    </groups>
    <test started-at="2025-10-31T05:13:21 IST" name="Test" finished-at="2025-10-31T05:13:42 IST" duration-ms="20909">
      <class name="testCases.LoginDataDriven">
        <test-method is-config="true" signature="setup(java.lang.String)[pri:0, instance:testCases.LoginDataDriven@5bd03f44]" started-at="2025-10-31T05:13:21 IST" name="setup" finished-at="2025-10-31T05:13:23 IST" duration-ms="2413" status="PASS">
          <params>
            <param index="0">
              <value>
                <![CDATA[chrome]]>
              </value>
            </param>
          </params>
          <reporter-output>
          </reporter-output>
        </test-method> <!-- setup -->
        <test-method signature="LoginTest(java.lang.String,java.lang.String,java.lang.String)[pri:0, instance:testCases.LoginDataDriven@5bd03f44]" started-at="2025-10-31T05:13:23 IST" name="LoginTest" data-provider="LoginData" finished-at="2025-10-31T05:13:25 IST" duration-ms="1766" status="PASS">
          <params>
            <param index="0">
              <value>
                <![CDATA[kashishbaliyan@gmail.com]]>
              </value>
            </param>
            <param index="1">
              <value>
                <![CDATA[19Justice@#]]>
              </value>
            </param>
            <param index="2">
              <value>
                <![CDATA[Valid]]>
              </value>
            </param>
          </params>
          <reporter-output>
          </reporter-output>
        </test-method> <!-- LoginTest -->
        <test-method signature="LoginTest(java.lang.String,java.lang.String,java.lang.String)[pri:0, instance:testCases.LoginDataDriven@5bd03f44]" started-at="2025-10-31T05:13:25 IST" name="LoginTest" data-provider="LoginData" finished-at="2025-10-31T05:13:31 IST" duration-ms="6039" status="PASS">
          <params>
            <param index="0">
              <value>
                <![CDATA[kandsdkad@yahoo.com]]>
              </value>
            </param>
            <param index="1">
              <value>
                <![CDATA[aksdbdkjh]]>
              </value>
            </param>
            <param index="2">
              <value>
                <![CDATA[Invalid]]>
              </value>
            </param>
          </params>
          <reporter-output>
          </reporter-output>
        </test-method> <!-- LoginTest -->
        <test-method signature="LoginTest(java.lang.String,java.lang.String,java.lang.String)[pri:0, instance:testCases.LoginDataDriven@5bd03f44]" started-at="2025-10-31T05:13:31 IST" name="LoginTest" data-provider="LoginData" finished-at="2025-10-31T05:13:38 IST" duration-ms="6683" status="PASS">
          <params>
            <param index="0">
              <value>
                <![CDATA[akdkkkak@gmail.com]]>
              </value>
            </param>
            <param index="1">
              <value>
                <![CDATA[akdjgk]]>
              </value>
            </param>
            <param index="2">
              <value>
                <![CDATA[Invalid]]>
              </value>
            </param>
          </params>
          <reporter-output>
          </reporter-output>
        </test-method> <!-- LoginTest -->
        <test-method signature="LoginTest(java.lang.String,java.lang.String,java.lang.String)[pri:0, instance:testCases.LoginDataDriven@5bd03f44]" started-at="2025-10-31T05:13:38 IST" name="LoginTest" data-provider="LoginData" finished-at="2025-10-31T05:13:39 IST" duration-ms="1749" status="PASS">
          <params>
            <param index="0">
              <value>
                <![CDATA[abc123@gmail.com]]>
              </value>
            </param>
            <param index="1">
              <value>
                <![CDATA[test@123]]>
              </value>
            </param>
            <param index="2">
              <value>
                <![CDATA[Valid]]>
              </value>
            </param>
          </params>
          <reporter-output>
          </reporter-output>
        </test-method> <!-- LoginTest -->
        <test-method is-config="true" signature="teardown()[pri:0, instance:testCases.LoginDataDriven@5bd03f44]" started-at="2025-10-31T05:13:39 IST" name="teardown" finished-at="2025-10-31T05:13:42 IST" duration-ms="2218" status="PASS">
          <reporter-output>
          </reporter-output>
        </test-method> <!-- teardown -->
      </class> <!-- testCases.LoginDataDriven -->
    </test> <!-- Test -->
  </suite> <!-- Suite -->
</testng-results>
