<?xml version="1.0" encoding="UTF-8"?>
<testng-results ignored="0" total="3" passed="3" failed="0" skipped="0">
  <reporter-output>
  </reporter-output>
  <suite started-at="2025-10-31T00:44:33 IST" name="Failed suite [Suite]" finished-at="2025-10-31T00:44:52 IST" duration-ms="18748">
    <groups>
      <group name="Sanity">
        <method signature="LoginDataDriven.LoginTest(java.lang.String,java.lang.String,java.lang.String)[pri:0, instance:testCases.LoginDataDriven@229f66ed]" name="LoginTest" class="testCases.LoginDataDriven"/>
      </group> <!-- Sanity -->
    </groups>
    <test started-at="2025-10-31T00:44:33 IST" name="Test(failed)" finished-at="2025-10-31T00:44:52 IST" duration-ms="18748">
      <class name="testCases.LoginDataDriven">
        <test-method is-config="true" signature="setup(java.lang.String)[pri:0, instance:testCases.LoginDataDriven@229f66ed]" started-at="2025-10-31T00:44:33 IST" name="setup" finished-at="2025-10-31T00:44:35 IST" duration-ms="2276" status="PASS">
          <params>
            <param index="0">
              <value>
                <![CDATA[chrome]]>
              </value>
            </param>
          </params>
          <reporter-output>
          </reporter-output>
        </test-method> <!-- setup -->
        <test-method signature="LoginTest(java.lang.String,java.lang.String,java.lang.String)[pri:0, instance:testCases.LoginDataDriven@229f66ed]" started-at="2025-10-31T00:44:35 IST" name="LoginTest" data-provider="LoginData" finished-at="2025-10-31T00:44:42 IST" duration-ms="6297" status="PASS">
          <params>
            <param index="0">
              <value>
                <![CDATA[kandsdkad@yahoo.com]]>
              </value>
            </param>
            <param index="1">
              <value>
                <![CDATA[aksdbdkjh]]>
              </value>
            </param>
            <param index="2">
              <value>
                <![CDATA[Invalid]]>
              </value>
            </param>
          </params>
          <reporter-output>
          </reporter-output>
        </test-method> <!-- LoginTest -->
        <test-method signature="LoginTest(java.lang.String,java.lang.String,java.lang.String)[pri:0, instance:testCases.LoginDataDriven@229f66ed]" started-at="2025-10-31T00:44:42 IST" name="LoginTest" data-provider="LoginData" finished-at="2025-10-31T00:44:48 IST" duration-ms="6233" status="PASS">
          <params>
            <param index="0">
              <value>
                <![CDATA[akdkkkak@gmail.com]]>
              </value>
            </param>
            <param index="1">
              <value>
                <![CDATA[akdjgk]]>
              </value>
            </param>
            <param index="2">
              <value>
                <![CDATA[Invalid]]>
              </value>
            </param>
          </params>
          <reporter-output>
          </reporter-output>
        </test-method> <!-- LoginTest -->
        <test-method signature="LoginTest(java.lang.String,java.lang.String,java.lang.String)[pri:0, instance:testCases.LoginDataDriven@229f66ed]" started-at="2025-10-31T00:44:48 IST" name="LoginTest" data-provider="LoginData" finished-at="2025-10-31T00:44:50 IST" duration-ms="1701" status="PASS">
          <params>
            <param index="0">
              <value>
                <![CDATA[abc123@gmail.com]]>
              </value>
            </param>
            <param index="1">
              <value>
                <![CDATA[test@123]]>
              </value>
            </param>
            <param index="2">
              <value>
                <![CDATA[Valid]]>
              </value>
            </param>
          </params>
          <reporter-output>
          </reporter-output>
        </test-method> <!-- LoginTest -->
        <test-method is-config="true" signature="teardown()[pri:0, instance:testCases.LoginDataDriven@229f66ed]" started-at="2025-10-31T00:44:50 IST" name="teardown" finished-at="2025-10-31T00:44:52 IST" duration-ms="2198" status="PASS">
          <reporter-output>
          </reporter-output>
        </test-method> <!-- teardown -->
      </class> <!-- testCases.LoginDataDriven -->
    </test> <!-- Test(failed) -->
  </suite> <!-- Failed suite [Suite] -->
</testng-results>
