<?xml version="1.0" encoding="UTF-8"?>
<!-- Generated by org.testng.reporters.JUnitReportReporter -->
<testsuite hostname="Kashish" failures="0" tests="3" name="testCases.LoginTestCase" time="4.327" errors="0" timestamp="2025-10-31T00:22:02 IST" skipped="0">
  <testcase classname="testCases.LoginTestCase" name="LoginTest" time="1.193"/>
  <testcase classname="testCases.LoginTestCase" name="LoginTest" time="1.683"/>
  <testcase classname="testCases.LoginTestCase" name="LoginTest" time="1.451"/>
</testsuite> <!-- testCases.LoginTestCase -->
