<?xml version="1.0" encoding="UTF-8"?>
<!-- Generated by org.testng.reporters.JUnitReportReporter -->
<testsuite hostname="Kashish" failures="0" tests="3" name="testCases.LoginDataDriven" time="14.231" errors="0" timestamp="2025-10-31T00:44:52 IST" skipped="0">
  <testcase classname="testCases.LoginDataDriven" name="LoginTest" time="1.701"/>
  <testcase classname="testCases.LoginDataDriven" name="LoginTest" time="6.297"/>
  <testcase classname="testCases.LoginDataDriven" name="LoginTest" time="6.233"/>
</testsuite> <!-- testCases.LoginDataDriven -->
