<?xml version="1.0" encoding="UTF-8"?>
<!-- Generated by org.testng.reporters.JUnitReportReporter -->
<testsuite hostname="Kashish" failures="0" tests="4" name="testCases.LoginDataDriven" time="16.237" errors="0" timestamp="2025-10-31T05:13:42 IST" skipped="0">
  <testcase classname="testCases.LoginDataDriven" name="LoginTest" time="6.683"/>
  <testcase classname="testCases.LoginDataDriven" name="LoginTest" time="1.749"/>
  <testcase classname="testCases.LoginDataDriven" name="LoginTest" time="6.039"/>
  <testcase classname="testCases.LoginDataDriven" name="LoginTest" time="1.766"/>
</testsuite> <!-- testCases.LoginDataDriven -->
